mode: count
github.com/unmango/aferox/context.go:14.57,15.43 1 0
github.com/unmango/aferox/context.go:15.43,17.3 1 0
github.com/unmango/aferox/context.go:17.8,19.3 1 0
github.com/unmango/aferox/context.go:21.2,21.12 1 0
github.com/unmango/aferox/context.go:24.48,25.46 1 0
github.com/unmango/aferox/context.go:25.46,27.3 1 0
github.com/unmango/aferox/context.go:27.8,29.3 1 0
github.com/unmango/aferox/copy.go:8.37,10.2 1 5
github.com/unmango/aferox/first.go:11.88,16.88 3 6
github.com/unmango/aferox/first.go:16.88,17.18 1 12
github.com/unmango/aferox/first.go:17.18,19.5 1 0
github.com/unmango/aferox/first.go:20.4,20.33 1 12
github.com/unmango/aferox/first.go:20.33,22.5 1 6
github.com/unmango/aferox/first.go:23.4,23.37 1 6
github.com/unmango/aferox/first.go:23.37,25.5 1 2
github.com/unmango/aferox/first.go:27.4,27.27 1 4
github.com/unmango/aferox/first.go:32.2,32.47 1 6
github.com/unmango/aferox/first.go:32.47,34.3 1 0
github.com/unmango/aferox/first.go:35.2,35.17 1 6
github.com/unmango/aferox/first.go:35.17,37.3 1 2
github.com/unmango/aferox/first.go:39.2,39.18 1 4
github.com/unmango/aferox/first.go:42.87,47.86 3 6
github.com/unmango/aferox/first.go:47.86,48.18 1 12
github.com/unmango/aferox/first.go:48.18,50.5 1 0
github.com/unmango/aferox/first.go:51.4,51.33 1 12
github.com/unmango/aferox/first.go:51.33,53.5 1 6
github.com/unmango/aferox/first.go:54.4,54.37 1 6
github.com/unmango/aferox/first.go:54.37,56.5 1 2
github.com/unmango/aferox/first.go:58.4,58.48 1 4
github.com/unmango/aferox/first.go:58.48,60.5 1 0
github.com/unmango/aferox/first.go:60.10,62.5 1 4
github.com/unmango/aferox/first.go:67.2,67.47 1 6
github.com/unmango/aferox/first.go:67.47,69.3 1 0
github.com/unmango/aferox/first.go:70.2,70.17 1 6
github.com/unmango/aferox/first.go:70.17,72.3 1 2
github.com/unmango/aferox/first.go:74.2,74.18 1 4
github.com/unmango/aferox/fold.go:11.96,14.56 2 25
github.com/unmango/aferox/fold.go:14.56,17.4 2 52
github.com/unmango/aferox/fold.go:20.2,20.8 1 25
github.com/unmango/aferox/fs.go:14.38,16.2 1 0
github.com/unmango/aferox/iter.go:21.44,23.2 1 0
github.com/unmango/aferox/iter.go:25.37,27.2 1 9
github.com/unmango/aferox/iter.go:29.48,30.36 1 0
github.com/unmango/aferox/iter.go:30.36,32.3 1 0
github.com/unmango/aferox/iter.go:35.100,39.59 3 4
github.com/unmango/aferox/iter.go:39.59,42.57 2 4
github.com/unmango/aferox/iter.go:42.57,43.42 1 6
github.com/unmango/aferox/iter.go:43.42,45.6 1 0
github.com/unmango/aferox/iter.go:46.5,46.44 1 6
github.com/unmango/aferox/iter.go:46.44,48.6 1 0
github.com/unmango/aferox/iter.go:49.5,49.38 1 6
github.com/unmango/aferox/iter.go:49.38,51.6 1 1
github.com/unmango/aferox/iter.go:52.5,52.45 1 5
github.com/unmango/aferox/iter.go:52.45,54.6 1 0
github.com/unmango/aferox/iter.go:54.11,56.6 1 5
github.com/unmango/aferox/iter.go:59.3,59.26 1 4
github.com/unmango/aferox/iter.go:59.26,61.4 1 0
github.com/unmango/aferox/readonly.go:15.65,17.2 1 1
github.com/unmango/aferox/readonly.go:20.65,22.2 1 1
github.com/unmango/aferox/readonly.go:25.83,27.2 1 1
github.com/unmango/aferox/readonly.go:30.62,32.2 1 1
github.com/unmango/aferox/readonly.go:35.65,37.2 1 1
github.com/unmango/aferox/readonly.go:40.68,42.2 1 1
github.com/unmango/aferox/readonly.go:45.48,47.2 1 1
github.com/unmango/aferox/readonly.go:50.51,52.2 1 1
github.com/unmango/aferox/readonly.go:55.67,57.2 1 1
github.com/unmango/aferox/readonly.go:63.66,65.2 1 1
github.com/unmango/aferox/readonly.go:68.62,70.2 1 1
github.com/unmango/aferox/readonly.go:73.70,75.2 1 1
github.com/unmango/aferox/readonly.go:78.37,80.2 1 1
github.com/unmango/aferox/readonly.go:83.51,85.2 1 1
github.com/unmango/aferox/readonly.go:88.59,90.2 1 1
github.com/unmango/aferox/readonly.go:93.72,95.2 1 1
github.com/unmango/aferox/readonly.go:98.67,100.2 1 1
github.com/unmango/aferox/single.go:17.35,19.2 1 0
github.com/unmango/aferox/single.go:21.89,26.88 3 6
github.com/unmango/aferox/single.go:26.88,27.18 1 13
github.com/unmango/aferox/single.go:27.18,29.5 1 0
github.com/unmango/aferox/single.go:30.4,30.33 1 13
github.com/unmango/aferox/single.go:30.33,32.5 1 6
github.com/unmango/aferox/single.go:33.4,33.37 1 7
github.com/unmango/aferox/single.go:33.37,35.5 1 2
github.com/unmango/aferox/single.go:36.4,36.18 1 5
github.com/unmango/aferox/single.go:36.18,38.5 1 1
github.com/unmango/aferox/single.go:40.4,40.20 1 4
github.com/unmango/aferox/single.go:45.2,45.16 1 6
github.com/unmango/aferox/single.go:45.16,47.3 1 1
github.com/unmango/aferox/single.go:48.2,48.17 1 5
github.com/unmango/aferox/single.go:48.17,50.3 1 2
github.com/unmango/aferox/single.go:52.2,52.18 1 3
github.com/unmango/aferox/single.go:55.88,60.86 3 6
github.com/unmango/aferox/single.go:60.86,61.18 1 13
github.com/unmango/aferox/single.go:61.18,63.5 1 0
github.com/unmango/aferox/single.go:64.4,64.33 1 13
github.com/unmango/aferox/single.go:64.33,66.5 1 6
github.com/unmango/aferox/single.go:67.4,67.37 1 7
github.com/unmango/aferox/single.go:67.37,69.5 1 2
github.com/unmango/aferox/single.go:70.4,70.18 1 5
github.com/unmango/aferox/single.go:70.18,72.5 1 1
github.com/unmango/aferox/single.go:74.4,74.26 1 4
github.com/unmango/aferox/single.go:79.2,79.16 1 6
github.com/unmango/aferox/single.go:79.16,81.3 1 1
github.com/unmango/aferox/single.go:82.2,82.17 1 5
github.com/unmango/aferox/single.go:82.17,84.3 1 2
github.com/unmango/aferox/single.go:86.2,86.18 1 3
